<?xml version="1.0" encoding="UTF-8"?>
<!-- Generated by org.testng.reporters.JUnitReportReporter -->
<testsuite skipped="0" hostname="welcome" name="com.crmpro.testdata.LoginPageTest" tests="3" failures="0" timestamp="02 Jul 2019 15:08:22 GMT" time="34.206" errors="0">
  <testcase name="loginPageTitleTest" time="9.660" classname="com.crmpro.testdata.LoginPageTest"/>
  <testcase name="crmLogoTest" time="11.937" classname="com.crmpro.testdata.LoginPageTest"/>
  <testcase name="loginTest" time="12.609" classname="com.crmpro.testdata.LoginPageTest"/>
</testsuite> <!-- com.crmpro.testdata.LoginPageTest -->
